<?xml version="1.0" encoding="UTF-8"?>
<!-- Generated by org.testng.reporters.JUnitXMLReporter -->
<testsuite hostname="DESKTOP-3JIP3OF" name="Android SamsungJ7" tests="1" failures="0" timestamp="22 Oct 2016 08:50:29 GMT" time="41.503" errors="0">
  <testcase name="@BeforeTest setup" time="0.0" classname="com.sp.testscripts.AppiumSampleTestSuite">
    <failure type="io.appium.java_client.service.local.InvalidServerInstanceException" message="Invalid server instance exception has occured: There is no installed nodes! Please install node via NPM (https://www.npmjs.com/package/appium#using-node-js) or download and install Appium app (http://appium.io/downloads.html)">
      <![CDATA[io.appium.java_client.service.local.InvalidServerInstanceException: Invalid server instance exception has occured: There is no installed nodes! Please install node via NPM (https://www.npmjs.com/package/appium#using-node-js) or download and install Appium app (http://appium.io/downloads.html)
	at io.appium.java_client.service.local.AppiumServiceBuilder.findNodeInCurrentFileSystem(AppiumServiceBuilder.java:160)
	at io.appium.java_client.service.local.AppiumServiceBuilder.checkAppiumJS(AppiumServiceBuilder.java:305)
	at io.appium.java_client.service.local.AppiumServiceBuilder.createArgs(AppiumServiceBuilder.java:386)
	at org.openqa.selenium.remote.service.DriverService$Builder.build(DriverService.java:299)
	at io.appium.java_client.service.local.AppiumDriverLocalService.buildService(AppiumDriverLocalService.java:74)
	at io.appium.java_client.service.local.AppiumDriverLocalService.buildDefaultService(AppiumDriverLocalService.java:70)
	at com.sp.testscripts.Base.setup(Base.java:44)
	at sun.reflect.NativeMethodAccessorImpl.invoke0(Native Method)
	at sun.reflect.NativeMethodAccessorImpl.invoke(Unknown Source)
	at sun.reflect.DelegatingMethodAccessorImpl.invoke(Unknown Source)
	at java.lang.reflect.Method.invoke(Unknown Source)
	at org.testng.internal.MethodInvocationHelper.invokeMethod(MethodInvocationHelper.java:84)
	at org.testng.internal.Invoker.invokeConfigurationMethod(Invoker.java:564)
	at org.testng.internal.Invoker.invokeConfigurations(Invoker.java:213)
	at org.testng.internal.Invoker.invokeConfigurations(Invoker.java:138)
	at org.testng.TestRunner.beforeRun(TestRunner.java:641)
	at org.testng.TestRunner.run(TestRunner.java:609)
	at org.testng.SuiteRunner.runTest(SuiteRunner.java:334)
	at org.testng.SuiteRunner.runSequentially(SuiteRunner.java:329)
	at org.testng.SuiteRunner.privateRun(SuiteRunner.java:291)
	at org.testng.SuiteRunner.run(SuiteRunner.java:240)
	at org.testng.SuiteRunnerWorker.runSuite(SuiteRunnerWorker.java:52)
	at org.testng.SuiteRunnerWorker.run(SuiteRunnerWorker.java:86)
	at org.testng.TestNG.runSuitesSequentially(TestNG.java:1224)
	at org.testng.TestNG.runSuitesLocally(TestNG.java:1149)
	at org.testng.TestNG.run(TestNG.java:1057)
	at org.testng.remote.RemoteTestNG.run(RemoteTestNG.java:111)
	at org.testng.remote.RemoteTestNG.initAndRun(RemoteTestNG.java:204)
	at org.testng.remote.RemoteTestNG.main(RemoteTestNG.java:175)
Caused by: java.io.IOException: C:\Users\Manikanta\AppData\Roaming\npm\node_modules

	at io.appium.java_client.service.local.AppiumServiceBuilder.findNodeInCurrentFileSystem(AppiumServiceBuilder.java:161)
	... 28 more
]]>
    </failure>
  </testcase> <!-- @BeforeTest setup -->
  <testcase name="@AfterTest closesetup" time="0.0" classname="com.sp.testscripts.AppiumSampleTestSuite">
    <skipped/>
  </testcase> <!-- @AfterTest closesetup -->
  <testcase name="Login" time="0.001" classname="com.sp.testscripts.AppiumSampleTestSuite">
    <skipped/>
  </testcase> <!-- Login -->
</testsuite> <!-- Android SamsungJ7 -->
